<?xml version="1.0" encoding="UTF-8"?>
<!-- Generated by org.testng.reporters.JUnitXMLReporter -->
<testsuite hostname="LAPTOP-FT1A29EQ" ignored="0" name="HomePageTest" tests="1" failures="1" timestamp="2020-01-23T20:07:41 EST" time="0.006" errors="0">
  <testcase name="validateTitles" time="0.003" classname="Functionaltestcases.testcase2">
    <failure type="java.lang.AssertionError" message="Condition not met expected [true] but found [false]">
      <![CDATA[java.lang.AssertionError: Condition not met expected [true] but found [false]
at Functionaltestcases.testcase2.validateTitles(testcase2.java:15)
at java.util.ArrayList.forEach(Unknown Source)
... Removed 31 stack frames]]>
    </failure>
  </testcase> <!-- validateTitles -->
</testsuite> <!-- HomePageTest -->
